make all --print-data-base --no-builtin-variables --no-builtin-rules --question
make: *** No rule to make target 'all'.  Stop.

# GNU Make 4.1
# Built for x86_64-pc-linux-gnu
# Copyright (C) 1988-2014 Free Software Foundation, Inc.
# License GPLv3+: GNU GPL version 3 or later <http://gnu.org/licenses/gpl.html>
# This is free software: you are free to change and redistribute it.
# There is NO WARRANTY, to the extent permitted by law.

# Make data base, printed on Sun Jul 10 09:17:37 2022

# Variables

# automatic
<D = $(patsubst %/,%,$(dir $<))
# automatic
?F = $(notdir $?)
# default
.SHELLFLAGS := -c
# environment
VSCODE_AGENT_FOLDER = /root/.vscode-server
# automatic
?D = $(patsubst %/,%,$(dir $?))
# automatic
@D = $(patsubst %/,%,$(dir $@))
# automatic
@F = $(notdir $@)
# default
MAKE_VERSION := 4.1
# makefile
CURDIR := /mnt/lwip-2.1.3
# makefile
SHELL = /bin/sh
# environment
VSCODE_NLS_CONFIG = {"locale":"en","availableLanguages":{}}
# environment
_ = /root/.vscode-server/bin/92d25e35d9bf1a6b16f7d0758f25d48ace11e5b9/node
# makefile (from 'Makefile', line 4)
CFLAGS = -I/mnt/lwip-2.1.3 -I/mnt/lwip-2.1.3/src/include -I/mnt/lwip-2.1.3/port/include 
# makefile (from 'Makefile', line 1)
MAKEFILE_LIST :=  Makefile
# makefile (from 'Makefile', line 58)
NETIF = $(LWIPPPRT)/netif/tapif.c $(LWIPPPRT)/perf.c $(LWIPPPRT)/sys_arch.c 
# 'override' directive
GNUMAKEFLAGS := 
# environment
XDG_DATA_DIRS = /usr/local/share:/usr/share:/var/lib/snapd/desktop
# environment
DBUS_SESSION_BUS_ADDRESS = unix:path=/run/user/0/bus
# makefile (from 'Makefile', line 8)
COREFILES = $(LWIPDIR)/core/init.c $(LWIPDIR)/core/def.c $(LWIPDIR)/core/dns.c $(LWIPDIR)/core/inet_chksum.c $(LWIPDIR)/core/ip.c $(LWIPDIR)/core/mem.c $(LWIPDIR)/core/memp.c $(LWIPDIR)/core/netif.c $(LWIPDIR)/core/pbuf.c $(LWIPDIR)/core/raw.c $(LWIPDIR)/core/stats.c $(LWIPDIR)/core/sys.c $(LWIPDIR)/core/altcp.c $(LWIPDIR)/core/altcp_alloc.c $(LWIPDIR)/core/altcp_tcp.c $(LWIPDIR)/core/tcp.c $(LWIPDIR)/core/tcp_in.c $(LWIPDIR)/core/tcp_out.c $(LWIPDIR)/core/timeouts.c $(LWIPDIR)/core/udp.c
# makefile (from 'Makefile', line 29)
CORE4FILES = $(LWIPDIR)/core/ipv4/autoip.c $(LWIPDIR)/core/ipv4/dhcp.c $(LWIPDIR)/core/ipv4/etharp.c $(LWIPDIR)/core/ipv4/icmp.c $(LWIPDIR)/core/ipv4/igmp.c $(LWIPDIR)/core/ipv4/ip4_frag.c $(LWIPDIR)/core/ipv4/ip4.c $(LWIPDIR)/core/ipv4/ip4_addr.c
# environment
LESSOPEN = | /usr/bin/lesspipe %s
# environment
VSCODE_CWD = /root
# environment
SSH_CONNECTION = 192.168.2.100 6918 192.168.2.130 22
# environment
PATH = /root/.vscode-server/bin/92d25e35d9bf1a6b16f7d0758f25d48ace11e5b9/bin/remote-cli:/usr/local/sbin:/usr/local/bin:/usr/sbin:/usr/bin:/sbin:/bin:/usr/games:/usr/local/games:/snap/bin
# environment
XDG_RUNTIME_DIR = /run/user/0
# environment
ELECTRON_RUN_AS_NODE = 1
# default
.FEATURES := target-specific order-only second-expansion else-if shortest-stem undefine oneshell archives jobserver output-sync check-symlink load
# environment
LS_COLORS = 
# automatic
%F = $(notdir $%)
# environment
PWD = /mnt/lwip-2.1.3
# environment
VSCODE_IPC_HOOK_CLI = /run/user/0/vscode-ipc-4dab0316-5563-4500-9115-d48a7e460cc9.sock
# automatic
*D = $(patsubst %/,%,$(dir $*))
# makefile (from 'Makefile', line 53)
NETIFFILES = $(LWIPDIR)/netif/ethernet.c $(LWIPDIR)/netif/bridgeif.c $(LWIPDIR)/netif/bridgeif_fdb.c 
# environment
VSCODE_AMD_ENTRYPOINT = vs/workbench/api/node/extensionHostProcess
# environment
HOME = /root
# environment
LESSCLOSE = /usr/bin/lesspipe %s %s
# environment
LOGNAME = root
# environment
APPLICATION_INSIGHTS_NO_DIAGNOSTIC_CHANNEL = 1
# automatic
+F = $(notdir $+)
# environment
VSCODE_HANDLES_UNCAUGHT_ERRORS = true
# automatic
^D = $(patsubst %/,%,$(dir $^))
# environment
MAKELEVEL := 0
# default
MAKE = $(MAKE_COMMAND)
# default
MAKECMDGOALS := all
# environment
SHLVL = 3
# environment
XDG_SESSION_ID = 1
# environment
USER = root
# makefile
.DEFAULT_GOAL := main
# makefile (from 'Makefile', line 41)
APIFILES = $(LWIPDIR)/api/api_lib.c $(LWIPDIR)/api/api_msg.c $(LWIPDIR)/api/err.c $(LWIPDIR)/api/if_api.c $(LWIPDIR)/api/netbuf.c $(LWIPDIR)/api/netdb.c $(LWIPDIR)/api/netifapi.c $(LWIPDIR)/api/sockets.c $(LWIPDIR)/api/tcpip.c
# automatic
%D = $(patsubst %/,%,$(dir $%))
# default
MAKE_COMMAND := make
# environment
OLDPWD = /root/.vscode-server/bin/92d25e35d9bf1a6b16f7d0758f25d48ace11e5b9
# makefile (from 'Makefile', line 1)
LWIPDIR = /mnt/lwip-2.1.3/src
# default
.VARIABLES := 
# automatic
*F = $(notdir $*)
# makefile
MAKEFLAGS = pqrR
# environment
MFLAGS = -pqrR
# environment
SSH_CLIENT = 192.168.2.100 6918 22
# environment
MAIL = /var/mail/root
# automatic
+D = $(patsubst %/,%,$(dir $+))
# environment
BROWSER = /root/.vscode-server/bin/92d25e35d9bf1a6b16f7d0758f25d48ace11e5b9/bin/helpers/browser.sh
# environment
VSCODE_HANDLES_SIGPIPE = true
# default
MAKEFILES := 
# automatic
<F = $(notdir $<)
# environment
LC_ALL = C
# automatic
^F = $(notdir $^)
# default
SUFFIXES := 
# makefile (from 'Makefile', line 2)
LWIPPPRT = /mnt/lwip-2.1.3/port
# default
.INCLUDE_DIRS = /usr/include /usr/local/include /usr/include
# default
.RECIPEPREFIX := 
# environment
PRECONFIGURED_TAPIF = tap0
# default
MAKE_HOST := x86_64-pc-linux-gnu
# environment
LANG = C
# variable set hash-table stats:
# Load=73/1024=7%, Rehash=0, Collisions=8/146=5%

# Pattern-specific Variable Values

# No pattern-specific variable values.

# Directories

# . (device 64768, inode 1163753): 19 files, no impossibilities.

# 19 files, no impossibilities in 1 directories.

# Implicit Rules

# No implicit rules.

# Files

# Not a target:
/mnt/lwip-2.1.3/src/core/tcp_out.c:
#  Implicit rule search has not been done.
#  Modification time never checked.
#  File has not been updated.

# Not a target:
/mnt/lwip-2.1.3/src/api/netdb.c:
#  Implicit rule search has not been done.
#  Modification time never checked.
#  File has not been updated.

# Not a target:
/mnt/lwip-2.1.3/src/core/ipv4/dhcp.c:
#  Implicit rule search has not been done.
#  Modification time never checked.
#  File has not been updated.

# Not a target:
/mnt/lwip-2.1.3/src/netif/bridgeif_fdb.c:
#  Implicit rule search has not been done.
#  Modification time never checked.
#  File has not been updated.

# Not a target:
/mnt/lwip-2.1.3/src/api/err.c:
#  Implicit rule search has not been done.
#  Modification time never checked.
#  File has not been updated.

# Not a target:
all:
#  Command line target.
#  Implicit rule search has been done.
#  File does not exist.
#  File has not been updated.

# Not a target:
/mnt/lwip-2.1.3/src/core/init.c:
#  Implicit rule search has not been done.
#  Modification time never checked.
#  File has not been updated.

.PHONY: clean
#  Implicit rule search has not been done.
#  Modification time never checked.
#  File has not been updated.

# Not a target:
/mnt/lwip-2.1.3/src/api/if_api.c:
#  Implicit rule search has not been done.
#  Modification time never checked.
#  File has not been updated.

# Not a target:
/mnt/lwip-2.1.3/src/core/def.c:
#  Implicit rule search has not been done.
#  Modification time never checked.
#  File has not been updated.

# Not a target:
/mnt/lwip-2.1.3/src/core/ipv4/igmp.c:
#  Implicit rule search has not been done.
#  Modification time never checked.
#  File has not been updated.

# Not a target:
/mnt/lwip-2.1.3/src/core/ipv4/etharp.c:
#  Implicit rule search has not been done.
#  Modification time never checked.
#  File has not been updated.

# Not a target:
main.c:
#  Implicit rule search has not been done.
#  Modification time never checked.
#  File has not been updated.

# Not a target:
/mnt/lwip-2.1.3/src/netif/bridgeif.c:
#  Implicit rule search has not been done.
#  Modification time never checked.
#  File has not been updated.

# Not a target:
/mnt/lwip-2.1.3/port/sys_arch.c:
#  Implicit rule search has not been done.
#  Modification time never checked.
#  File has not been updated.

# Not a target:
/mnt/lwip-2.1.3/src/api/api_msg.c:
#  Implicit rule search has not been done.
#  Modification time never checked.
#  File has not been updated.

# Not a target:
/mnt/lwip-2.1.3/src/core/tcp_in.c:
#  Implicit rule search has not been done.
#  Modification time never checked.
#  File has not been updated.

# Not a target:
/mnt/lwip-2.1.3/port/perf.c:
#  Implicit rule search has not been done.
#  Modification time never checked.
#  File has not been updated.

# Not a target:
/mnt/lwip-2.1.3/src/core/altcp_tcp.c:
#  Implicit rule search has not been done.
#  Modification time never checked.
#  File has not been updated.

# Not a target:
Makefile:
#  Implicit rule search has been done.
#  Last modified 2022-07-10 09:17:18.754569449
#  File has been updated.
#  Successfully updated.

# Not a target:
/mnt/lwip-2.1.3/src/core/timeouts.c:
#  Implicit rule search has not been done.
#  Modification time never checked.
#  File has not been updated.

# Not a target:
/mnt/lwip-2.1.3/port/netif/tapif.c:
#  Implicit rule search has not been done.
#  Modification time never checked.
#  File has not been updated.

# Not a target:
/mnt/lwip-2.1.3/src/core/udp.c:
#  Implicit rule search has not been done.
#  Modification time never checked.
#  File has not been updated.

# Not a target:
/mnt/lwip-2.1.3/src/core/mem.c:
#  Implicit rule search has not been done.
#  Modification time never checked.
#  File has not been updated.

# Not a target:
default_netif.c:
#  Implicit rule search has not been done.
#  Modification time never checked.
#  File has not been updated.

# Not a target:
/mnt/lwip-2.1.3/src/api/api_lib.c:
#  Implicit rule search has not been done.
#  Modification time never checked.
#  File has not been updated.

# Not a target:
/mnt/lwip-2.1.3/src/core/inet_chksum.c:
#  Implicit rule search has not been done.
#  Modification time never checked.
#  File has not been updated.

# Not a target:
/mnt/lwip-2.1.3/src/core/ipv4/ip4_addr.c:
#  Implicit rule search has not been done.
#  Modification time never checked.
#  File has not been updated.

# Not a target:
/mnt/lwip-2.1.3/src/core/ipv4/ip4_frag.c:
#  Implicit rule search has not been done.
#  Modification time never checked.
#  File has not been updated.

# Not a target:
/mnt/lwip-2.1.3/src/core/memp.c:
#  Implicit rule search has not been done.
#  Modification time never checked.
#  File has not been updated.

# Not a target:
tcpecho.c:
#  Implicit rule search has not been done.
#  Modification time never checked.
#  File has not been updated.

# Not a target:
/mnt/lwip-2.1.3/src/core/raw.c:
#  Implicit rule search has not been done.
#  Modification time never checked.
#  File has not been updated.

# Not a target:
/mnt/lwip-2.1.3/src/core/netif.c:
#  Implicit rule search has not been done.
#  Modification time never checked.
#  File has not been updated.

# Not a target:
/mnt/lwip-2.1.3/src/core/sys.c:
#  Implicit rule search has not been done.
#  Modification time never checked.
#  File has not been updated.

# Not a target:
/mnt/lwip-2.1.3/src/core/dns.c:
#  Implicit rule search has not been done.
#  Modification time never checked.
#  File has not been updated.

# Not a target:
/mnt/lwip-2.1.3/src/core/ip.c:
#  Implicit rule search has not been done.
#  Modification time never checked.
#  File has not been updated.

# Not a target:
.DEFAULT:
#  Implicit rule search has not been done.
#  Modification time never checked.
#  File has not been updated.

# Not a target:
/mnt/lwip-2.1.3/src/api/tcpip.c:
#  Implicit rule search has not been done.
#  Modification time never checked.
#  File has not been updated.

# Not a target:
/mnt/lwip-2.1.3/src/api/netbuf.c:
#  Implicit rule search has not been done.
#  Modification time never checked.
#  File has not been updated.

# Not a target:
/mnt/lwip-2.1.3/src/api/netifapi.c:
#  Implicit rule search has not been done.
#  Modification time never checked.
#  File has not been updated.

clean:
#  Phony target (prerequisite of .PHONY).
#  Implicit rule search has not been done.
#  File does not exist.
#  File has not been updated.
#  recipe to execute (from 'Makefile', line 68):
	rm -f main

# Not a target:
/mnt/lwip-2.1.3/src/core/tcp.c:
#  Implicit rule search has not been done.
#  Modification time never checked.
#  File has not been updated.

# Not a target:
/mnt/lwip-2.1.3/src/core/altcp.c:
#  Implicit rule search has not been done.
#  Modification time never checked.
#  File has not been updated.

# Not a target:
/mnt/lwip-2.1.3/src/core/ipv4/ip4.c:
#  Implicit rule search has not been done.
#  Modification time never checked.
#  File has not been updated.

# Not a target:
/mnt/lwip-2.1.3/src/core/stats.c:
#  Implicit rule search has not been done.
#  Modification time never checked.
#  File has not been updated.

# Not a target:
/mnt/lwip-2.1.3/src/core/altcp_alloc.c:
#  Implicit rule search has not been done.
#  Modification time never checked.
#  File has not been updated.

main: main.c default_netif.c tcpecho.c /mnt/lwip-2.1.3/src/core/init.c /mnt/lwip-2.1.3/src/core/def.c /mnt/lwip-2.1.3/src/core/dns.c /mnt/lwip-2.1.3/src/core/inet_chksum.c /mnt/lwip-2.1.3/src/core/ip.c /mnt/lwip-2.1.3/src/core/mem.c /mnt/lwip-2.1.3/src/core/memp.c /mnt/lwip-2.1.3/src/core/netif.c /mnt/lwip-2.1.3/src/core/pbuf.c /mnt/lwip-2.1.3/src/core/raw.c /mnt/lwip-2.1.3/src/core/stats.c /mnt/lwip-2.1.3/src/core/sys.c /mnt/lwip-2.1.3/src/core/altcp.c /mnt/lwip-2.1.3/src/core/altcp_alloc.c /mnt/lwip-2.1.3/src/core/altcp_tcp.c /mnt/lwip-2.1.3/src/core/tcp.c /mnt/lwip-2.1.3/src/core/tcp_in.c /mnt/lwip-2.1.3/src/core/tcp_out.c /mnt/lwip-2.1.3/src/core/timeouts.c /mnt/lwip-2.1.3/src/core/udp.c /mnt/lwip-2.1.3/src/core/ipv4/autoip.c /mnt/lwip-2.1.3/src/core/ipv4/dhcp.c /mnt/lwip-2.1.3/src/core/ipv4/etharp.c /mnt/lwip-2.1.3/src/core/ipv4/icmp.c /mnt/lwip-2.1.3/src/core/ipv4/igmp.c /mnt/lwip-2.1.3/src/core/ipv4/ip4_frag.c /mnt/lwip-2.1.3/src/core/ipv4/ip4.c /mnt/lwip-2.1.3/src/core/ipv4/ip4_addr.c /mnt/lwip-2.1.3/src/api/api_lib.c /mnt/lwip-2.1.3/src/api/api_msg.c /mnt/lwip-2.1.3/src/api/err.c /mnt/lwip-2.1.3/src/api/if_api.c /mnt/lwip-2.1.3/src/api/netbuf.c /mnt/lwip-2.1.3/src/api/netdb.c /mnt/lwip-2.1.3/src/api/netifapi.c /mnt/lwip-2.1.3/src/api/sockets.c /mnt/lwip-2.1.3/src/api/tcpip.c /mnt/lwip-2.1.3/src/netif/ethernet.c /mnt/lwip-2.1.3/src/netif/bridgeif.c /mnt/lwip-2.1.3/src/netif/bridgeif_fdb.c /mnt/lwip-2.1.3/port/netif/tapif.c /mnt/lwip-2.1.3/port/perf.c /mnt/lwip-2.1.3/port/sys_arch.c
#  Implicit rule search has not been done.
#  Modification time never checked.
#  File has not been updated.
#  recipe to execute (from 'Makefile', line 65):
	gcc $(CFLAGS) -g -o main  main.c default_netif.c  \
	tcpecho.c  $(COREFILES) $(CORE4FILES) $(APIFILES) $(NETIFFILES) $(NETIF) -lpthread 

# Not a target:
/mnt/lwip-2.1.3/src/core/pbuf.c:
#  Implicit rule search has not been done.
#  Modification time never checked.
#  File has not been updated.

# Not a target:
/mnt/lwip-2.1.3/src/core/ipv4/icmp.c:
#  Implicit rule search has not been done.
#  Modification time never checked.
#  File has not been updated.

# Not a target:
/mnt/lwip-2.1.3/src/api/sockets.c:
#  Implicit rule search has not been done.
#  Modification time never checked.
#  File has not been updated.

# Not a target:
/mnt/lwip-2.1.3/src/netif/ethernet.c:
#  Implicit rule search has not been done.
#  Modification time never checked.
#  File has not been updated.

# Not a target:
/mnt/lwip-2.1.3/src/core/ipv4/autoip.c:
#  Implicit rule search has not been done.
#  Modification time never checked.
#  File has not been updated.

# files hash-table stats:
# Load=53/1024=5%, Rehash=0, Collisions=4/110=4%
# VPATH Search Paths

# No 'vpath' search paths.

# No general ('VPATH' variable) search path.

# strcache buffers: 1 (0) / strings = 69 / storage = 1721 B / avg = 24 B
# current buf: size = 8162 B / used = 1721 B / count = 69 / avg = 24 B

# strcache performance: lookups = 81 / hit rate = 14%
# hash-table stats:
# Load=69/8192=1%, Rehash=0, Collisions=2/81=2%
# Finished Make data base on Sun Jul 10 09:17:37 2022

 
